Using pre-set license
Built from '2020.3/staging' branch; Version is '2020.3.19f1 (68f137dc9bbe) revision 6877495'; Using compiler version '192528614'; Build Type 'Release'
OS: 'Windows 10 Pro; OS build 19042.1526; Version 2009; 64bit' Language: 'es' Physical Memory: 16332 MB
BatchMode: 1, IsHumanControllingUs: 0, StartBugReporterOnCrash: 0, Is64bit: 1, IsPro: 0

COMMAND LINE ARGUMENTS:
D:\Unity - Installs\2020.3.19f1\Editor\Unity.exe
-adb2
-batchMode
-noUpm
-name
AssetImportWorker0
-projectPath
D:/DESCARGAS/Github-VRProyect-main (1)/Github-VRProyect-main
-logFile
Logs/AssetImportWorker0.log
-srvPort
53618
Successfully changed project path to: D:/DESCARGAS/Github-VRProyect-main (1)/Github-VRProyect-main
D:/DESCARGAS/Github-VRProyect-main (1)/Github-VRProyect-main
Using Asset Import Pipeline V2.
Refreshing native plugins compatible for Editor in 69.80 ms, found 5 plugins.
Preloading 1 native plugins for Editor in 1.62 ms.
Initialize engine version: 2020.3.19f1 (68f137dc9bbe)
[Subsystems] Discovering subsystems at path D:/Unity - Installs/2020.3.19f1/Editor/Data/Resources/UnitySubsystems
[Subsystems] Discovering subsystems at path D:/DESCARGAS/Github-VRProyect-main (1)/Github-VRProyect-main/Assets
GfxDevice: creating device client; threaded=0
Direct3D:
    Version:  Direct3D 11.0 [level 11.1]
    Renderer: NVIDIA GeForce GTX 1070 Ti (ID=0x1b82)
    Vendor:   
    VRAM:     8079 MB
    Driver:   30.0.14.9729
Initialize mono
Mono path[0] = 'D:/Unity - Installs/2020.3.19f1/Editor/Data/Managed'
Mono path[1] = 'D:/Unity - Installs/2020.3.19f1/Editor/Data/MonoBleedingEdge/lib/mono/unityjit'
Mono config path = 'D:/Unity - Installs/2020.3.19f1/Editor/Data/MonoBleedingEdge/etc'
Using monoOptions --debugger-agent=transport=dt_socket,embedding=1,server=y,suspend=n,address=127.0.0.1:56188
Begin MonoManager ReloadAssembly
Registering precompiled unity dll's ...
Register platform support module: D:/Unity - Installs/2020.3.19f1/Editor/Data/PlaybackEngines/WindowsStandaloneSupport/UnityEditor.WindowsStandalone.Extensions.dll
Registered in 0.001314 seconds.
Native extension for WindowsStandalone target not found
Refreshing native plugins compatible for Editor in 65.55 ms, found 5 plugins.
Preloading 1 native plugins for Editor in 0.06 ms.
Mono: successfully reloaded assembly
- Completed reload, in  2.871 seconds
Domain Reload Profiling:
	ReloadAssembly (2872ms)
		BeginReloadAssembly (73ms)
			ExecutionOrderSort (0ms)
			DisableScriptedObjects (0ms)
			BackupInstance (0ms)
			ReleaseScriptingObjects (0ms)
			CreateAndSetChildDomain (1ms)
		EndReloadAssembly (509ms)
			LoadAssemblies (73ms)
			RebuildTransferFunctionScriptingTraits (0ms)
			SetupTypeCache (169ms)
			ReleaseScriptCaches (0ms)
			RebuildScriptCaches (35ms)
			SetupLoadedEditorAssemblies (222ms)
				LogAssemblyErrors (0ms)
				InitializePlatformSupportModulesInManaged (5ms)
				SetLoadedEditorAssemblies (0ms)
				RefreshPlugins (66ms)
				BeforeProcessingInitializeOnLoad (20ms)
				ProcessInitializeOnLoadAttributes (94ms)
				ProcessInitializeOnLoadMethodAttributes (36ms)
				AfterProcessingInitializeOnLoad (0ms)
				EditorAssembliesLoaded (0ms)
			ExecutionOrderSort2 (0ms)
			AwakeInstancesAfterBackupRestoration (0ms)
Platform modules already initialized, skipping
Registering precompiled user dll's ...
Registered in 0.004389 seconds.
Begin MonoManager ReloadAssembly
Native extension for WindowsStandalone target not found
Refreshing native plugins compatible for Editor in 78.33 ms, found 5 plugins.
Preloading 1 native plugins for Editor in 0.05 ms.
[XR] OculusXRPlugin: registering subsystems
[XR] Unable to register display lifecyle provider: [1]
[XR] Oculus Input lifecycle provider registered.
[XR] Unable to register input lifecyle provider: [1]
System.Reflection.TargetInvocationException: Exception has been thrown by the target of an invocation. ---> System.NullReferenceException: Object reference not set to an instance of an object
  at Unity.XR.Oculus.OculusLoader.AssetPathToAbsolutePath (System.String assetPath) [0x00048] in D:\DESCARGAS\Github-VRProyect-main (1)\Github-VRProyect-main\Library\PackageCache\com.unity.xr.oculus@1.10.0\Runtime\OculusLoader.cs:250 
  at Unity.XR.Oculus.OculusLoader.EditorLoadOVRPlugin () [0x0007b] in D:\DESCARGAS\Github-VRProyect-main (1)\Github-VRProyect-main\Library\PackageCache\com.unity.xr.oculus@1.10.0\Runtime\OculusLoader.cs:235 
  at (wrapper managed-to-native) System.Reflection.MonoMethod.InternalInvoke(System.Reflection.MonoMethod,object,object[],System.Exception&)
  at System.Reflection.MonoMethod.Invoke (System.Object obj, System.Reflection.BindingFlags invokeAttr, System.Reflection.Binder binder, System.Object[] parameters, System.Globalization.CultureInfo culture) [0x00032] in <695d1cc93cca45069c528c15c9fdd749>:0 
   --- End of inner exception stack trace ---
  at System.Reflection.MonoMethod.Invoke (System.Object obj, System.Reflection.BindingFlags invokeAttr, System.Reflection.Binder binder, System.Object[] parameters, System.Globalization.CultureInfo culture) [0x00048] in <695d1cc93cca45069c528c15c9fdd749>:0 
  at System.Reflection.MethodBase.Invoke (System.Object obj, System.Object[] parameters) [0x00000] in <695d1cc93cca45069c528c15c9fdd749>:0 
  at UnityEditor.EditorAssemblies.ProcessInitializeOnLoadMethodAttributes () [0x00047] in <97ba64834c8f4edc84e3d8e30b04f122>:0 
UnityEngine.StackTraceUtility:ExtractStackTrace ()
UnityEngine.DebugLogHandler:LogFormat (UnityEngine.LogType,UnityEngine.Object,string,object[])
UnityEngine.Logger:Log (UnityEngine.LogType,object)
UnityEngine.Debug:LogError (object)
UnityEditor.EditorAssemblies:ProcessInitializeOnLoadMethodAttributes ()

Mono: successfully reloaded assembly
- Completed reload, in  1.816 seconds
Domain Reload Profiling:
	ReloadAssembly (1817ms)
		BeginReloadAssembly (221ms)
			ExecutionOrderSort (0ms)
			DisableScriptedObjects (7ms)
			BackupInstance (0ms)
			ReleaseScriptingObjects (0ms)
			CreateAndSetChildDomain (28ms)
		EndReloadAssembly (1515ms)
			LoadAssemblies (164ms)
			RebuildTransferFunctionScriptingTraits (0ms)
			SetupTypeCache (417ms)
			ReleaseScriptCaches (1ms)
			RebuildScriptCaches (79ms)
			SetupLoadedEditorAssemblies (712ms)
				LogAssemblyErrors (0ms)
				InitializePlatformSupportModulesInManaged (5ms)
				SetLoadedEditorAssemblies (0ms)
				RefreshPlugins (78ms)
				BeforeProcessingInitializeOnLoad (110ms)
				ProcessInitializeOnLoadAttributes (492ms)
				ProcessInitializeOnLoadMethodAttributes (23ms)
				AfterProcessingInitializeOnLoad (3ms)
				EditorAssembliesLoaded (0ms)
			ExecutionOrderSort2 (0ms)
			AwakeInstancesAfterBackupRestoration (9ms)
Platform modules already initialized, skipping
========================================================================
Worker process is ready to serve import requests
Launched and connected shader compiler UnityShaderCompiler.exe after 0.30 seconds
Refreshing native plugins compatible for Editor in 1.05 ms, found 5 plugins.
Preloading 1 native plugins for Editor in 0.12 ms.
Unloading 2547 Unused Serialized files (Serialized files now loaded: 0)
System memory in use before: 109.0 MB.
System memory in use after: 109.2 MB.

Unloading 21 unused Assets to reduce memory usage. Loaded Objects now: 2989.
Total: 5.340100 ms (FindLiveObjects: 0.388200 ms CreateObjectMapping: 0.092100 ms MarkObjects: 4.724200 ms  DeleteObjects: 0.133000 ms)

AssetImportParameters requested are different than current active one (requested -> active):
  custom:framework-win-MediaFoundation: 216162199b28c13a410421893ffa2e32 -> 
  custom:video-decoder-ogg-theora: a1e56fd34408186e4bbccfd4996cb3dc -> 
  custom:container-muxer-webm: aa71ff27fc2769a1b78a27578f13a17b -> 
  custom:container-demuxer-webm: 4f35f7cbe854078d1ac9338744f61a02 -> 
  custom:container-demuxer-ogg: 62fdf1f143b41e24485cea50d1cbac27 -> 
  custom:video-encoder-webm-vp8: eb34c28f22e8b96e1ab97ce403110664 -> 
  custom:video-decoder-webm-vp8: 9c59270c3fd7afecdb556c50c9e8de78 -> 
  custom:audio-decoder-ogg-vorbis: bf7c407c2cedff20999df2af8eb42d56 -> 
  custom:audio-encoder-webm-vorbis: bf7c407c2cedff20999df2af8eb42d56 -> 
========================================================================
Received Import Request.
  path: Assets/Scenes
  artifactKey: Guid(93b201495f88eda41abd701bfdc6a372) Importer(815301076,1909f56bfc062723c751e8b465ee728b)
Start importing Assets/Scenes using Guid(93b201495f88eda41abd701bfdc6a372) Importer(815301076,1909f56bfc062723c751e8b465ee728b)  -> (artifact id: '3fc0affb503ab6dfa818cc4e7a768daa') in 0.013992 seconds 
  Import took 0.019082 seconds .

========================================================================
Received Import Request.
  Time since last request: 0.000287 seconds.
  path: Assets/Scenes/Game.unity
  artifactKey: Guid(f754e5bbd0f2e404e860678e1a281f73) Importer(815301076,1909f56bfc062723c751e8b465ee728b)
Start importing Assets/Scenes/Game.unity using Guid(f754e5bbd0f2e404e860678e1a281f73) Importer(815301076,1909f56bfc062723c751e8b465ee728b)  -> (artifact id: '4e7f0d8c13f61e3730bd28231ef466b2') in 0.019297 seconds 
  Import took 0.023579 seconds .

========================================================================
Received Import Request.
  Time since last request: 111.073948 seconds.
  path: Assets/UnityPackage/BebasNeue-Regular.ttf
  artifactKey: Guid(9a9110c8ca5f62642ae0b69a57b1e94d) Importer(815301076,1909f56bfc062723c751e8b465ee728b)
Start importing Assets/UnityPackage/BebasNeue-Regular.ttf using Guid(9a9110c8ca5f62642ae0b69a57b1e94d) Importer(815301076,1909f56bfc062723c751e8b465ee728b)  -> (artifact id: 'a502785c3cd32acd878b84252abf7c7d') in 0.190183 seconds 
  Import took 0.194485 seconds .

========================================================================
Received Import Request.
  Time since last request: 7.574587 seconds.
  path: Assets/UnityPackage/BebasNeue-Regular SDF.asset
  artifactKey: Guid(fdddbe869a3145746b12e065b40a124a) Importer(815301076,1909f56bfc062723c751e8b465ee728b)
Start importing Assets/UnityPackage/BebasNeue-Regular SDF.asset using Guid(fdddbe869a3145746b12e065b40a124a) Importer(815301076,1909f56bfc062723c751e8b465ee728b) UnassignedReferenceException: The variable material of TMP_FontAsset has not been assigned.
You probably need to assign the material variable of the TMP_FontAsset script in the inspector.
  at (wrapper managed-to-native) UnityEngine.Material.HasProperty(UnityEngine.Material,int)
  at TMPro.TMP_FontAsset.ReadFontAssetDefinition () [0x0008f] in D:\DESCARGAS\Github-VRProyect-main (1)\Github-VRProyect-main\Library\PackageCache\com.unity.textmeshpro@3.0.6\Scripts\Runtime\TMP_FontAsset.cs:588 
  at TMPro.TMP_FontAsset.OnValidate () [0x00010] in D:\DESCARGAS\Github-VRProyect-main (1)\Github-VRProyect-main\Library\PackageCache\com.unity.textmeshpro@3.0.6\Scripts\Runtime\TMP_FontAsset.cs:555 

(Filename: Library/PackageCache/com.unity.textmeshpro@3.0.6/Scripts/Runtime/TMP_FontAsset.cs Line: 588)

 -> (artifact id: '0fed0644bfd2a4951d42ef90e53efb1d') in 0.029785 seconds 
  Import took 0.034054 seconds .

========================================================================
Received Import Request.
  Time since last request: 7451.832461 seconds.
  path: Assets/UnityPackage/BebasNeue-Regular SDF.asset
  artifactKey: Guid(fdddbe869a3145746b12e065b40a124a) Importer(815301076,1909f56bfc062723c751e8b465ee728b)
Start importing Assets/UnityPackage/BebasNeue-Regular SDF.asset using Guid(fdddbe869a3145746b12e065b40a124a) Importer(815301076,1909f56bfc062723c751e8b465ee728b)  -> (artifact id: '9fd6033bd905686091b1325d5ea93303') in 0.032348 seconds 
  Import took 0.040752 seconds .

========================================================================
Received Import Request.
  Time since last request: 0.000360 seconds.
  path: Assets/TextMesh Pro/Resources/Fonts & Materials/LiberationSans SDF - Fallback.asset
  artifactKey: Guid(2e498d1c8094910479dc3e1b768306a4) Importer(815301076,1909f56bfc062723c751e8b465ee728b)
Start importing Assets/TextMesh Pro/Resources/Fonts & Materials/LiberationSans SDF - Fallback.asset using Guid(2e498d1c8094910479dc3e1b768306a4) Importer(815301076,1909f56bfc062723c751e8b465ee728b)  -> (artifact id: 'b8c2210586957436df79bf961aeff06e') in 0.057385 seconds 
  Import took 0.063242 seconds .

========================================================================
Received Import Request.
  Time since last request: 0.000353 seconds.
  path: Assets/TextMesh Pro/Resources/Fonts & Materials/LiberationSans SDF.asset
  artifactKey: Guid(8f586378b4e144a9851e7b34d9b748ee) Importer(815301076,1909f56bfc062723c751e8b465ee728b)
Start importing Assets/TextMesh Pro/Resources/Fonts & Materials/LiberationSans SDF.asset using Guid(8f586378b4e144a9851e7b34d9b748ee) Importer(815301076,1909f56bfc062723c751e8b465ee728b)  -> (artifact id: 'f1280cc7be10b532b2897fc8654f95d3') in 0.057607 seconds 
  Import took 0.063021 seconds .

========================================================================
Received Import Request.
  Time since last request: 417.552865 seconds.
  path: Assets/UnityPackage/Objetive.png
  artifactKey: Guid(4915158236d1b7c449737d6ba5242167) Importer(815301076,1909f56bfc062723c751e8b465ee728b)
Start importing Assets/UnityPackage/Objetive.png using Guid(4915158236d1b7c449737d6ba5242167) Importer(815301076,1909f56bfc062723c751e8b465ee728b)  -> (artifact id: '796cdcde8ba8136b310a93ed1c96ac3b') in 0.561184 seconds 
  Import took 0.565971 seconds .

========================================================================
Received Prepare
Registering precompiled user dll's ...
Registered in 0.004278 seconds.
Begin MonoManager ReloadAssembly
Native extension for WindowsStandalone target not found
Refreshing native plugins compatible for Editor in 0.87 ms, found 5 plugins.
Preloading 1 native plugins for Editor in 0.11 ms.
System.Reflection.TargetInvocationException: Exception has been thrown by the target of an invocation. ---> System.NullReferenceException: Object reference not set to an instance of an object
  at Unity.XR.Oculus.OculusLoader.AssetPathToAbsolutePath (System.String assetPath) [0x00048] in D:\DESCARGAS\Github-VRProyect-main (1)\Github-VRProyect-main\Library\PackageCache\com.unity.xr.oculus@1.10.0\Runtime\OculusLoader.cs:250 
  at Unity.XR.Oculus.OculusLoader.EditorLoadOVRPlugin () [0x0007b] in D:\DESCARGAS\Github-VRProyect-main (1)\Github-VRProyect-main\Library\PackageCache\com.unity.xr.oculus@1.10.0\Runtime\OculusLoader.cs:235 
  at (wrapper managed-to-native) System.Reflection.MonoMethod.InternalInvoke(System.Reflection.MonoMethod,object,object[],System.Exception&)
  at System.Reflection.MonoMethod.Invoke (System.Object obj, System.Reflection.BindingFlags invokeAttr, System.Reflection.Binder binder, System.Object[] parameters, System.Globalization.CultureInfo culture) [0x00032] in <695d1cc93cca45069c528c15c9fdd749>:0 
   --- End of inner exception stack trace ---
  at System.Reflection.MonoMethod.Invoke (System.Object obj, System.Reflection.BindingFlags invokeAttr, System.Reflection.Binder binder, System.Object[] parameters, System.Globalization.CultureInfo culture) [0x00048] in <695d1cc93cca45069c528c15c9fdd749>:0 
  at System.Reflection.MethodBase.Invoke (System.Object obj, System.Object[] parameters) [0x00000] in <695d1cc93cca45069c528c15c9fdd749>:0 
  at UnityEditor.EditorAssemblies.ProcessInitializeOnLoadMethodAttributes () [0x00047] in <97ba64834c8f4edc84e3d8e30b04f122>:0 
UnityEngine.StackTraceUtility:ExtractStackTrace ()
UnityEngine.DebugLogHandler:LogFormat (UnityEngine.LogType,UnityEngine.Object,string,object[])
UnityEngine.Logger:Log (UnityEngine.LogType,object)
UnityEngine.Debug:LogError (object)
UnityEditor.EditorAssemblies:ProcessInitializeOnLoadMethodAttributes ()

Mono: successfully reloaded assembly
- Completed reload, in  1.544 seconds
Domain Reload Profiling:
	ReloadAssembly (1545ms)
		BeginReloadAssembly (192ms)
			ExecutionOrderSort (0ms)
			DisableScriptedObjects (6ms)
			BackupInstance (0ms)
			ReleaseScriptingObjects (0ms)
			CreateAndSetChildDomain (68ms)
		EndReloadAssembly (1276ms)
			LoadAssemblies (149ms)
			RebuildTransferFunctionScriptingTraits (0ms)
			SetupTypeCache (399ms)
			ReleaseScriptCaches (1ms)
			RebuildScriptCaches (54ms)
			SetupLoadedEditorAssemblies (553ms)
				LogAssemblyErrors (0ms)
				InitializePlatformSupportModulesInManaged (6ms)
				SetLoadedEditorAssemblies (1ms)
				RefreshPlugins (1ms)
				BeforeProcessingInitializeOnLoad (96ms)
				ProcessInitializeOnLoadAttributes (426ms)
				ProcessInitializeOnLoadMethodAttributes (19ms)
				AfterProcessingInitializeOnLoad (4ms)
				EditorAssembliesLoaded (0ms)
			ExecutionOrderSort2 (0ms)
			AwakeInstancesAfterBackupRestoration (11ms)
Platform modules already initialized, skipping
Refreshing native plugins compatible for Editor in 0.91 ms, found 5 plugins.
Preloading 1 native plugins for Editor in 0.08 ms.
Unloading 2517 Unused Serialized files (Serialized files now loaded: 0)
System memory in use before: 138.3 MB.
System memory in use after: 137.9 MB.

Unloading 26 unused Assets to reduce memory usage. Loaded Objects now: 3038.
Total: 5.099900 ms (FindLiveObjects: 0.325400 ms CreateObjectMapping: 0.077900 ms MarkObjects: 4.217600 ms  DeleteObjects: 0.477100 ms)

AssetImportParameters requested are different than current active one (requested -> active):
  custom:framework-win-MediaFoundation: 216162199b28c13a410421893ffa2e32 -> 
  custom:video-decoder-ogg-theora: a1e56fd34408186e4bbccfd4996cb3dc -> 
  custom:container-muxer-webm: aa71ff27fc2769a1b78a27578f13a17b -> 
  custom:container-demuxer-webm: 4f35f7cbe854078d1ac9338744f61a02 -> 
  custom:container-demuxer-ogg: 62fdf1f143b41e24485cea50d1cbac27 -> 
  custom:video-encoder-webm-vp8: eb34c28f22e8b96e1ab97ce403110664 -> 
  custom:video-decoder-webm-vp8: 9c59270c3fd7afecdb556c50c9e8de78 -> 
  custom:audio-decoder-ogg-vorbis: bf7c407c2cedff20999df2af8eb42d56 -> 
  custom:audio-encoder-webm-vorbis: bf7c407c2cedff20999df2af8eb42d56 -> 
========================================================================
Received Import Request.
  Time since last request: 7.238188 seconds.
  path: Assets/UnityPackage/Objetive.png
  artifactKey: Guid(4915158236d1b7c449737d6ba5242167) Importer(815301076,1909f56bfc062723c751e8b465ee728b)
Start importing Assets/UnityPackage/Objetive.png using Guid(4915158236d1b7c449737d6ba5242167) Importer(815301076,1909f56bfc062723c751e8b465ee728b)  -> (artifact id: 'd1dbed2b27e741cdab02576f3a32c7fd') in 0.100632 seconds 
  Import took 0.105941 seconds .

========================================================================
Received Import Request.
  Time since last request: 0.000238 seconds.
  path: Assets/UnityPackage/Objetive_Completed.png
  artifactKey: Guid(39eb549881408cb429fd7f24c4d5616a) Importer(815301076,1909f56bfc062723c751e8b465ee728b)
Start importing Assets/UnityPackage/Objetive_Completed.png using Guid(39eb549881408cb429fd7f24c4d5616a) Importer(815301076,1909f56bfc062723c751e8b465ee728b)  -> (artifact id: '8651282c03bb7c247a0c340ee7e068b4') in 0.015390 seconds 
  Import took 0.020137 seconds .

========================================================================
Received Import Request.
  Time since last request: 4.156231 seconds.
  path: Assets/UnityPackage/Objetive_Completed.png
  artifactKey: Guid(39eb549881408cb429fd7f24c4d5616a) Importer(815301076,1909f56bfc062723c751e8b465ee728b)
Start importing Assets/UnityPackage/Objetive_Completed.png using Guid(39eb549881408cb429fd7f24c4d5616a) Importer(815301076,1909f56bfc062723c751e8b465ee728b)  -> (artifact id: '64c4c2c2e27101625d2a7ba279dba50d') in 0.016731 seconds 
  Import took 0.021490 seconds .

========================================================================
Received Import Request.
  Time since last request: 5.310305 seconds.
  path: Assets/Texturas/Hojas/_ojaPlanta.png
  artifactKey: Guid(042c2b822dd43a747b8f81cf74abbec7) Importer(815301076,1909f56bfc062723c751e8b465ee728b)
Start importing Assets/Texturas/Hojas/_ojaPlanta.png using Guid(042c2b822dd43a747b8f81cf74abbec7) Importer(815301076,1909f56bfc062723c751e8b465ee728b)  -> (artifact id: 'a0fbdc9347debe0f5cea26efb8e9aaa6') in 0.020481 seconds 
  Import took 0.024513 seconds .

========================================================================
Received Import Request.
  Time since last request: 0.000319 seconds.
  path: Assets/VR/BNG Framework/Editor/Resources/handIconSelectedRight.png
  artifactKey: Guid(aea9761317137634ca7000127f86763f) Importer(815301076,1909f56bfc062723c751e8b465ee728b)
Start importing Assets/VR/BNG Framework/Editor/Resources/handIconSelectedRight.png using Guid(aea9761317137634ca7000127f86763f) Importer(815301076,1909f56bfc062723c751e8b465ee728b)  -> (artifact id: 'e1775a1049e32ebfe2352ceac89b4dc9') in 0.022543 seconds 
  Import took 0.027488 seconds .

========================================================================
Received Import Request.
  Time since last request: 0.000298 seconds.
  path: Assets/VR/BNG Framework/Editor/Resources/handIcon.png
  artifactKey: Guid(ea3ded0e0f154ae4aa626be935f146e7) Importer(815301076,1909f56bfc062723c751e8b465ee728b)
Start importing Assets/VR/BNG Framework/Editor/Resources/handIcon.png using Guid(ea3ded0e0f154ae4aa626be935f146e7) Importer(815301076,1909f56bfc062723c751e8b465ee728b)  -> (artifact id: '87551c6b4e174ce5fe440834854735ef') in 0.021767 seconds 
  Import took 0.026396 seconds .

========================================================================
Received Import Request.
  Time since last request: 0.000225 seconds.
  path: Assets/NavMesh/NavMeshComponents/Assets/Examples/Materials/modify_crosshair.png
  artifactKey: Guid(28d2c2677149d45e290e8fa042b1b80f) Importer(815301076,1909f56bfc062723c751e8b465ee728b)
Start importing Assets/NavMesh/NavMeshComponents/Assets/Examples/Materials/modify_crosshair.png using Guid(28d2c2677149d45e290e8fa042b1b80f) Importer(815301076,1909f56bfc062723c751e8b465ee728b)  -> (artifact id: '1ffcacbc1a9516c1508ef0205564dc1d') in 0.018605 seconds 
  Import took 0.023186 seconds .

========================================================================
Received Import Request.
  Time since last request: 0.000282 seconds.
  path: Assets/objetivos.png
  artifactKey: Guid(4e8c423078d339843a6e050a0122a229) Importer(815301076,1909f56bfc062723c751e8b465ee728b)
Start importing Assets/objetivos.png using Guid(4e8c423078d339843a6e050a0122a229) Importer(815301076,1909f56bfc062723c751e8b465ee728b)  -> (artifact id: '6133138fc36b5d86aee92071d0374299') in 0.036144 seconds 
  Import took 0.040828 seconds .

========================================================================
Received Import Request.
  Time since last request: 0.000329 seconds.
  path: Assets/Prefabs/Basura.png
  artifactKey: Guid(e4d516b73af8fae4b823930f19260195) Importer(815301076,1909f56bfc062723c751e8b465ee728b)
Start importing Assets/Prefabs/Basura.png using Guid(e4d516b73af8fae4b823930f19260195) Importer(815301076,1909f56bfc062723c751e8b465ee728b)  -> (artifact id: '64701bd23f4ba68407e30d9a0623f5bf') in 0.021457 seconds 
  Import took 0.026661 seconds .

========================================================================
Received Import Request.
  Time since last request: 0.000334 seconds.
  path: Assets/VR/BNG Framework/Editor/Resources/handIconSelected.png
  artifactKey: Guid(a7755b7f95ac63b43b0d4dc18b9aa7aa) Importer(815301076,1909f56bfc062723c751e8b465ee728b)
Start importing Assets/VR/BNG Framework/Editor/Resources/handIconSelected.png using Guid(a7755b7f95ac63b43b0d4dc18b9aa7aa) Importer(815301076,1909f56bfc062723c751e8b465ee728b)  -> (artifact id: '343868e25b17c7033aa4d7027de4078d') in 0.018128 seconds 
  Import took 0.023197 seconds .

========================================================================
Received Import Request.
  Time since last request: 0.000273 seconds.
  path: Assets/VR/BNG Framework/Editor/Resources/handIconRight.png
  artifactKey: Guid(3976049c30b654947af432d090f78337) Importer(815301076,1909f56bfc062723c751e8b465ee728b)
Start importing Assets/VR/BNG Framework/Editor/Resources/handIconRight.png using Guid(3976049c30b654947af432d090f78337) Importer(815301076,1909f56bfc062723c751e8b465ee728b)  -> (artifact id: '9dff73e53b1d3aa6d233593caf60d710') in 0.018091 seconds 
  Import took 0.022858 seconds .

========================================================================
Received Import Request.
  Time since last request: 0.000302 seconds.
  path: Assets/VR/BNG Framework/Textures/circle.png
  artifactKey: Guid(e68e8991e6b97bc44b09d32aa2b1f358) Importer(815301076,1909f56bfc062723c751e8b465ee728b)
Start importing Assets/VR/BNG Framework/Textures/circle.png using Guid(e68e8991e6b97bc44b09d32aa2b1f358) Importer(815301076,1909f56bfc062723c751e8b465ee728b)  -> (artifact id: '6426ca4ef9d08feba98692cfeab1679c') in 0.016983 seconds 
  Import took 0.022137 seconds .

========================================================================
Received Import Request.
  Time since last request: 0.000249 seconds.
  path: Assets/VR/BNG Framework/Textures/circle-dashed.png
  artifactKey: Guid(263be9c9a034fc647a523b48ca833efa) Importer(815301076,1909f56bfc062723c751e8b465ee728b)
Start importing Assets/VR/BNG Framework/Textures/circle-dashed.png using Guid(263be9c9a034fc647a523b48ca833efa) Importer(815301076,1909f56bfc062723c751e8b465ee728b)  -> (artifact id: 'e5207e93add10b6d92c1ee05406330dc') in 0.019809 seconds 
  Import took 0.026090 seconds .

========================================================================
Received Import Request.
  Time since last request: 192.471246 seconds.
  path: Assets/UnityPackage
  artifactKey: Guid(e9503956fcc4b304ab76cac10a0f5ee2) Importer(815301076,1909f56bfc062723c751e8b465ee728b)
Start importing Assets/UnityPackage using Guid(e9503956fcc4b304ab76cac10a0f5ee2) Importer(815301076,1909f56bfc062723c751e8b465ee728b)  -> (artifact id: 'f0cf5f3b220349ff3b5672a1de45179e') in 0.007072 seconds 
  Import took 0.011248 seconds .

========================================================================
Received Prepare
Registering precompiled user dll's ...
Registered in 0.006567 seconds.
Begin MonoManager ReloadAssembly
Native extension for WindowsStandalone target not found
Refreshing native plugins compatible for Editor in 0.93 ms, found 5 plugins.
Preloading 1 native plugins for Editor in 0.11 ms.
System.Reflection.TargetInvocationException: Exception has been thrown by the target of an invocation. ---> System.NullReferenceException: Object reference not set to an instance of an object
  at Unity.XR.Oculus.OculusLoader.AssetPathToAbsolutePath (System.String assetPath) [0x00048] in D:\DESCARGAS\Github-VRProyect-main (1)\Github-VRProyect-main\Library\PackageCache\com.unity.xr.oculus@1.10.0\Runtime\OculusLoader.cs:250 
  at Unity.XR.Oculus.OculusLoader.EditorLoadOVRPlugin () [0x0007b] in D:\DESCARGAS\Github-VRProyect-main (1)\Github-VRProyect-main\Library\PackageCache\com.unity.xr.oculus@1.10.0\Runtime\OculusLoader.cs:235 
  at (wrapper managed-to-native) System.Reflection.MonoMethod.InternalInvoke(System.Reflection.MonoMethod,object,object[],System.Exception&)
  at System.Reflection.MonoMethod.Invoke (System.Object obj, System.Reflection.BindingFlags invokeAttr, System.Reflection.Binder binder, System.Object[] parameters, System.Globalization.CultureInfo culture) [0x00032] in <695d1cc93cca45069c528c15c9fdd749>:0 
   --- End of inner exception stack trace ---
  at System.Reflection.MonoMethod.Invoke (System.Object obj, System.Reflection.BindingFlags invokeAttr, System.Reflection.Binder binder, System.Object[] parameters, System.Globalization.CultureInfo culture) [0x00048] in <695d1cc93cca45069c528c15c9fdd749>:0 
  at System.Reflection.MethodBase.Invoke (System.Object obj, System.Object[] parameters) [0x00000] in <695d1cc93cca45069c528c15c9fdd749>:0 
  at UnityEditor.EditorAssemblies.ProcessInitializeOnLoadMethodAttributes () [0x00047] in <97ba64834c8f4edc84e3d8e30b04f122>:0 
UnityEngine.StackTraceUtility:ExtractStackTrace ()
UnityEngine.DebugLogHandler:LogFormat (UnityEngine.LogType,UnityEngine.Object,string,object[])
UnityEngine.Logger:Log (UnityEngine.LogType,object)
UnityEngine.Debug:LogError (object)
UnityEditor.EditorAssemblies:ProcessInitializeOnLoadMethodAttributes ()

Mono: successfully reloaded assembly
- Completed reload, in  1.626 seconds
Domain Reload Profiling:
	ReloadAssembly (1626ms)
		BeginReloadAssembly (221ms)
			ExecutionOrderSort (0ms)
			DisableScriptedObjects (5ms)
			BackupInstance (0ms)
			ReleaseScriptingObjects (0ms)
			CreateAndSetChildDomain (72ms)
		EndReloadAssembly (1326ms)
			LoadAssemblies (157ms)
			RebuildTransferFunctionScriptingTraits (0ms)
			SetupTypeCache (410ms)
			ReleaseScriptCaches (1ms)
			RebuildScriptCaches (58ms)
			SetupLoadedEditorAssemblies (575ms)
				LogAssemblyErrors (0ms)
				InitializePlatformSupportModulesInManaged (6ms)
				SetLoadedEditorAssemblies (1ms)
				RefreshPlugins (1ms)
				BeforeProcessingInitializeOnLoad (103ms)
				ProcessInitializeOnLoadAttributes (441ms)
				ProcessInitializeOnLoadMethodAttributes (20ms)
				AfterProcessingInitializeOnLoad (3ms)
				EditorAssembliesLoaded (0ms)
			ExecutionOrderSort2 (0ms)
			AwakeInstancesAfterBackupRestoration (9ms)
Platform modules already initialized, skipping
Refreshing native plugins compatible for Editor in 1.26 ms, found 5 plugins.
Preloading 1 native plugins for Editor in 0.12 ms.
Unloading 2516 Unused Serialized files (Serialized files now loaded: 0)
System memory in use before: 138.3 MB.
System memory in use after: 137.8 MB.

Unloading 26 unused Assets to reduce memory usage. Loaded Objects now: 3049.
Total: 5.368300 ms (FindLiveObjects: 0.488100 ms CreateObjectMapping: 0.123300 ms MarkObjects: 4.319800 ms  DeleteObjects: 0.434600 ms)

AssetImportParameters requested are different than current active one (requested -> active):
  custom:framework-win-MediaFoundation: 216162199b28c13a410421893ffa2e32 -> 
  custom:video-decoder-ogg-theora: a1e56fd34408186e4bbccfd4996cb3dc -> 
  custom:container-muxer-webm: aa71ff27fc2769a1b78a27578f13a17b -> 
  custom:container-demuxer-webm: 4f35f7cbe854078d1ac9338744f61a02 -> 
  custom:container-demuxer-ogg: 62fdf1f143b41e24485cea50d1cbac27 -> 
  custom:video-encoder-webm-vp8: eb34c28f22e8b96e1ab97ce403110664 -> 
  custom:video-decoder-webm-vp8: 9c59270c3fd7afecdb556c50c9e8de78 -> 
  custom:audio-decoder-ogg-vorbis: bf7c407c2cedff20999df2af8eb42d56 -> 
  custom:audio-encoder-webm-vorbis: bf7c407c2cedff20999df2af8eb42d56 -> 
========================================================================
Received Prepare
Registering precompiled user dll's ...
Registered in 0.004708 seconds.
Begin MonoManager ReloadAssembly
Native extension for WindowsStandalone target not found
Refreshing native plugins compatible for Editor in 0.86 ms, found 5 plugins.
Preloading 1 native plugins for Editor in 0.09 ms.
System.Reflection.TargetInvocationException: Exception has been thrown by the target of an invocation. ---> System.NullReferenceException: Object reference not set to an instance of an object
  at Unity.XR.Oculus.OculusLoader.AssetPathToAbsolutePath (System.String assetPath) [0x00048] in D:\DESCARGAS\Github-VRProyect-main (1)\Github-VRProyect-main\Library\PackageCache\com.unity.xr.oculus@1.10.0\Runtime\OculusLoader.cs:250 
  at Unity.XR.Oculus.OculusLoader.EditorLoadOVRPlugin () [0x0007b] in D:\DESCARGAS\Github-VRProyect-main (1)\Github-VRProyect-main\Library\PackageCache\com.unity.xr.oculus@1.10.0\Runtime\OculusLoader.cs:235 
  at (wrapper managed-to-native) System.Reflection.MonoMethod.InternalInvoke(System.Reflection.MonoMethod,object,object[],System.Exception&)
  at System.Reflection.MonoMethod.Invoke (System.Object obj, System.Reflection.BindingFlags invokeAttr, System.Reflection.Binder binder, System.Object[] parameters, System.Globalization.CultureInfo culture) [0x00032] in <695d1cc93cca45069c528c15c9fdd749>:0 
   --- End of inner exception stack trace ---
  at System.Reflection.MonoMethod.Invoke (System.Object obj, System.Reflection.BindingFlags invokeAttr, System.Reflection.Binder binder, System.Object[] parameters, System.Globalization.CultureInfo culture) [0x00048] in <695d1cc93cca45069c528c15c9fdd749>:0 
  at System.Reflection.MethodBase.Invoke (System.Object obj, System.Object[] parameters) [0x00000] in <695d1cc93cca45069c528c15c9fdd749>:0 
  at UnityEditor.EditorAssemblies.ProcessInitializeOnLoadMethodAttributes () [0x00047] in <97ba64834c8f4edc84e3d8e30b04f122>:0 
UnityEngine.StackTraceUtility:ExtractStackTrace ()
UnityEngine.DebugLogHandler:LogFormat (UnityEngine.LogType,UnityEngine.Object,string,object[])
UnityEngine.Logger:Log (UnityEngine.LogType,object)
UnityEngine.Debug:LogError (object)
UnityEditor.EditorAssemblies:ProcessInitializeOnLoadMethodAttributes ()

Mono: successfully reloaded assembly
- Completed reload, in  1.478 seconds
Domain Reload Profiling:
	ReloadAssembly (1479ms)
		BeginReloadAssembly (170ms)
			ExecutionOrderSort (0ms)
			DisableScriptedObjects (6ms)
			BackupInstance (0ms)
			ReleaseScriptingObjects (0ms)
			CreateAndSetChildDomain (49ms)
		EndReloadAssembly (1236ms)
			LoadAssemblies (146ms)
			RebuildTransferFunctionScriptingTraits (0ms)
			SetupTypeCache (376ms)
			ReleaseScriptCaches (1ms)
			RebuildScriptCaches (52ms)
			SetupLoadedEditorAssemblies (543ms)
				LogAssemblyErrors (0ms)
				InitializePlatformSupportModulesInManaged (5ms)
				SetLoadedEditorAssemblies (1ms)
				RefreshPlugins (1ms)
				BeforeProcessingInitializeOnLoad (98ms)
				ProcessInitializeOnLoadAttributes (418ms)
				ProcessInitializeOnLoadMethodAttributes (18ms)
				AfterProcessingInitializeOnLoad (3ms)
				EditorAssembliesLoaded (0ms)
			ExecutionOrderSort2 (0ms)
			AwakeInstancesAfterBackupRestoration (8ms)
Platform modules already initialized, skipping
Refreshing native plugins compatible for Editor in 0.88 ms, found 5 plugins.
Preloading 1 native plugins for Editor in 0.15 ms.
Unloading 2516 Unused Serialized files (Serialized files now loaded: 0)
System memory in use before: 138.3 MB.
System memory in use after: 137.9 MB.

Unloading 26 unused Assets to reduce memory usage. Loaded Objects now: 3052.
Total: 5.935200 ms (FindLiveObjects: 0.509800 ms CreateObjectMapping: 0.099300 ms MarkObjects: 4.925900 ms  DeleteObjects: 0.398300 ms)

AssetImportParameters requested are different than current active one (requested -> active):
  custom:framework-win-MediaFoundation: 216162199b28c13a410421893ffa2e32 -> 
  custom:video-decoder-ogg-theora: a1e56fd34408186e4bbccfd4996cb3dc -> 
  custom:container-muxer-webm: aa71ff27fc2769a1b78a27578f13a17b -> 
  custom:container-demuxer-webm: 4f35f7cbe854078d1ac9338744f61a02 -> 
  custom:container-demuxer-ogg: 62fdf1f143b41e24485cea50d1cbac27 -> 
  custom:video-encoder-webm-vp8: eb34c28f22e8b96e1ab97ce403110664 -> 
  custom:video-decoder-webm-vp8: 9c59270c3fd7afecdb556c50c9e8de78 -> 
  custom:audio-decoder-ogg-vorbis: bf7c407c2cedff20999df2af8eb42d56 -> 
  custom:audio-encoder-webm-vorbis: bf7c407c2cedff20999df2af8eb42d56 -> 
AssetImportWorkerClient::OnTransportError - code=2 error=End of file
